num of params: 79
number of all test methods: 124
/home/kejiawu2/project/IDoCT/generate_mapping
change to /home/kejiawu2/project/IDoCT/generate_mapping/../../shenyu/shenyu-common
==================================================================================
mvn surefire:test -Dtest=org.apache.shenyu.common.config.ShenyuConfigTest#testMetricsConfig
time elapsed: 3.7479329109191895
org.apache.shenyu.common.config.ShenyuConfigTest#testMetricsConfig success
org.apache.shenyu.common.config.ShenyuConfigTest-output.txt
[CTEST][GET-PARAM] getEnabled
[CTEST][GET-PARAM] getJmxConfig
[CTEST][GET-PARAM] getProps
[CTEST][GET-PARAM] getHost
[CTEST][GET-PARAM] getPort
==================================================================================
mvn surefire:test -Dtest=org.apache.shenyu.common.config.ShenyuConfigTest#testMetricsConfig
time elapsed: 3.4788126945495605
org.apache.shenyu.common.config.ShenyuConfigTest#testMetricsConfig success
org.apache.shenyu.common.config.ShenyuConfigTest-output.txt
[CTEST][GET-PARAM] getEnabled
[CTEST][GET-PARAM] getJmxConfig
[CTEST][GET-PARAM] getProps
[CTEST][GET-PARAM] getHost
[CTEST][GET-PARAM] getPort
==================================================================================
mvn surefire:test -Dtest=org.apache.shenyu.common.config.ShenyuConfigTest#testMetricsConfig
time elapsed: 3.716698408126831
org.apache.shenyu.common.config.ShenyuConfigTest#testMetricsConfig success
org.apache.shenyu.common.config.ShenyuConfigTest-output.txt
[CTEST][GET-PARAM] getEnabled
[CTEST][GET-PARAM] getJmxConfig
[CTEST][GET-PARAM] getProps
[CTEST][GET-PARAM] getHost
[CTEST][GET-PARAM] getPort
==================================================================================
mvn surefire:test -Dtest=org.apache.shenyu.common.config.ShenyuConfigTest#testMetricsConfig
time elapsed: 3.862246036529541
org.apache.shenyu.common.config.ShenyuConfigTest#testMetricsConfig success
org.apache.shenyu.common.config.ShenyuConfigTest-output.txt
[CTEST][GET-PARAM] getEnabled
[CTEST][GET-PARAM] getJmxConfig
[CTEST][GET-PARAM] getProps
[CTEST][GET-PARAM] getHost
[CTEST][GET-PARAM] getPort
==================================================================================
mvn surefire:test -Dtest=org.apache.shenyu.common.config.ShenyuConfigTest#testMetricsConfig
time elapsed: 3.6838881969451904
org.apache.shenyu.common.config.ShenyuConfigTest#testMetricsConfig success
org.apache.shenyu.common.config.ShenyuConfigTest-output.txt
[CTEST][GET-PARAM] getEnabled
[CTEST][GET-PARAM] getJmxConfig
[CTEST][GET-PARAM] getProps
[CTEST][GET-PARAM] getHost
[CTEST][GET-PARAM] getPort
==================================================================================
mvn surefire:test -Dtest=org.apache.shenyu.common.config.ShenyuConfigTest#testMetricsConfig
time elapsed: 3.789494514465332
org.apache.shenyu.common.config.ShenyuConfigTest#testMetricsConfig success
org.apache.shenyu.common.config.ShenyuConfigTest-output.txt
[CTEST][GET-PARAM] getEnabled
[CTEST][GET-PARAM] getJmxConfig
[CTEST][GET-PARAM] getProps
[CTEST][GET-PARAM] getHost
[CTEST][GET-PARAM] getPort
==================================================================================
mvn surefire:test -Dtest=org.apache.shenyu.common.config.ShenyuConfigTest#testMetricsConfig
time elapsed: 3.580770492553711
org.apache.shenyu.common.config.ShenyuConfigTest#testMetricsConfig success
org.apache.shenyu.common.config.ShenyuConfigTest-output.txt
[CTEST][GET-PARAM] getEnabled
[CTEST][GET-PARAM] getJmxConfig
[CTEST][GET-PARAM] getProps
[CTEST][GET-PARAM] getHost
[CTEST][GET-PARAM] getPort
==================================================================================
mvn surefire:test -Dtest=org.apache.shenyu.common.config.ShenyuConfigTest#testMetricsConfig
time elapsed: 3.737935781478882
org.apache.shenyu.common.config.ShenyuConfigTest#testMetricsConfig success
org.apache.shenyu.common.config.ShenyuConfigTest-output.txt
[CTEST][GET-PARAM] getEnabled
[CTEST][GET-PARAM] getJmxConfig
[CTEST][GET-PARAM] getProps
[CTEST][GET-PARAM] getHost
[CTEST][GET-PARAM] getPort
==================================================================================
mvn surefire:test -Dtest=org.apache.shenyu.common.config.ShenyuConfigTest#testMetricsConfig
time elapsed: 3.8111557960510254
org.apache.shenyu.common.config.ShenyuConfigTest#testMetricsConfig success
org.apache.shenyu.common.config.ShenyuConfigTest-output.txt
[CTEST][GET-PARAM] getEnabled
[CTEST][GET-PARAM] getJmxConfig
[CTEST][GET-PARAM] getProps
[CTEST][GET-PARAM] getHost
[CTEST][GET-PARAM] getPort
==================================================================================
mvn surefire:test -Dtest=org.apache.shenyu.common.config.ShenyuConfigTest#testMetricsConfig
time elapsed: 3.3832848072052
org.apache.shenyu.common.config.ShenyuConfigTest#testMetricsConfig success
org.apache.shenyu.common.config.ShenyuConfigTest-output.txt
[CTEST][GET-PARAM] getEnabled
[CTEST][GET-PARAM] getJmxConfig
[CTEST][GET-PARAM] getProps
[CTEST][GET-PARAM] getHost
[CTEST][GET-PARAM] getPort
==================================================================================
mvn surefire:test -Dtest=org.apache.shenyu.common.config.ShenyuConfigTest#testMetricsConfig
time elapsed: 3.6150574684143066
org.apache.shenyu.common.config.ShenyuConfigTest#testMetricsConfig success
org.apache.shenyu.common.config.ShenyuConfigTest-output.txt
[CTEST][GET-PARAM] getEnabled
[CTEST][GET-PARAM] getJmxConfig
[CTEST][GET-PARAM] getProps
[CTEST][GET-PARAM] getHost
[CTEST][GET-PARAM] getPort
==================================================================================
mvn surefire:test -Dtest=org.apache.shenyu.common.config.ShenyuConfigTest#testMetricsConfig
time elapsed: 3.605107069015503
org.apache.shenyu.common.config.ShenyuConfigTest#testMetricsConfig success
org.apache.shenyu.common.config.ShenyuConfigTest-output.txt
[CTEST][GET-PARAM] getEnabled
[CTEST][GET-PARAM] getJmxConfig
[CTEST][GET-PARAM] getProps
[CTEST][GET-PARAM] getHost
[CTEST][GET-PARAM] getPort
==================================================================================
mvn surefire:test -Dtest=org.apache.shenyu.common.config.ShenyuConfigTest#testInstanceConfig
time elapsed: 3.88403582572937
org.apache.shenyu.common.config.ShenyuConfigTest#testInstanceConfig success
org.apache.shenyu.common.config.ShenyuConfigTest-output.txt
[CTEST][GET-PARAM] getInstance
[CTEST][GET-PARAM] getEnabled
[CTEST][GET-PARAM] getProps
[CTEST][GET-PARAM] getRegisterType
[CTEST][GET-PARAM] getRegisterType
==================================================================================
mvn surefire:test -Dtest=org.apache.shenyu.common.config.ShenyuConfigTest#testInstanceConfig
time elapsed: 3.591599225997925
org.apache.shenyu.common.config.ShenyuConfigTest#testInstanceConfig success
org.apache.shenyu.common.config.ShenyuConfigTest-output.txt
[CTEST][GET-PARAM] getInstance
[CTEST][GET-PARAM] getEnabled
[CTEST][GET-PARAM] getProps
[CTEST][GET-PARAM] getRegisterType
[CTEST][GET-PARAM] getRegisterType
==================================================================================
mvn surefire:test -Dtest=org.apache.shenyu.common.config.ShenyuConfigTest#testInstanceConfig
time elapsed: 3.6919972896575928
org.apache.shenyu.common.config.ShenyuConfigTest#testInstanceConfig success
org.apache.shenyu.common.config.ShenyuConfigTest-output.txt
[CTEST][GET-PARAM] getInstance
[CTEST][GET-PARAM] getEnabled
[CTEST][GET-PARAM] getProps
[CTEST][GET-PARAM] getRegisterType
[CTEST][GET-PARAM] getRegisterType
==================================================================================
mvn surefire:test -Dtest=org.apache.shenyu.common.config.ShenyuConfigTest#testInstanceConfig
time elapsed: 3.9106578826904297
org.apache.shenyu.common.config.ShenyuConfigTest#testInstanceConfig success
org.apache.shenyu.common.config.ShenyuConfigTest-output.txt
[CTEST][GET-PARAM] getInstance
[CTEST][GET-PARAM] getEnabled
[CTEST][GET-PARAM] getProps
[CTEST][GET-PARAM] getRegisterType
[CTEST][GET-PARAM] getRegisterType
==================================================================================
mvn surefire:test -Dtest=org.apache.shenyu.common.config.ShenyuConfigTest#testInstanceConfig
time elapsed: 3.6166627407073975
org.apache.shenyu.common.config.ShenyuConfigTest#testInstanceConfig success
org.apache.shenyu.common.config.ShenyuConfigTest-output.txt
[CTEST][GET-PARAM] getInstance
[CTEST][GET-PARAM] getEnabled
[CTEST][GET-PARAM] getProps
[CTEST][GET-PARAM] getRegisterType
[CTEST][GET-PARAM] getRegisterType
==================================================================================
mvn surefire:test -Dtest=org.apache.shenyu.common.config.ShenyuConfigTest#testInstanceConfig
time elapsed: 3.471320629119873
org.apache.shenyu.common.config.ShenyuConfigTest#testInstanceConfig success
org.apache.shenyu.common.config.ShenyuConfigTest-output.txt
[CTEST][GET-PARAM] getInstance
[CTEST][GET-PARAM] getEnabled
[CTEST][GET-PARAM] getProps
[CTEST][GET-PARAM] getRegisterType
[CTEST][GET-PARAM] getRegisterType
==================================================================================
mvn surefire:test -Dtest=org.apache.shenyu.common.config.ShenyuConfigTest#testInstanceConfig
time elapsed: 3.6018478870391846
org.apache.shenyu.common.config.ShenyuConfigTest#testInstanceConfig success
org.apache.shenyu.common.config.ShenyuConfigTest-output.txt
[CTEST][GET-PARAM] getInstance
[CTEST][GET-PARAM] getEnabled
[CTEST][GET-PARAM] getProps
[CTEST][GET-PARAM] getRegisterType
[CTEST][GET-PARAM] getRegisterType
==================================================================================
mvn surefire:test -Dtest=org.apache.shenyu.common.config.ShenyuConfigTest#testInstanceConfig
time elapsed: 4.031565189361572
org.apache.shenyu.common.config.ShenyuConfigTest#testInstanceConfig success
org.apache.shenyu.common.config.ShenyuConfigTest-output.txt
[CTEST][GET-PARAM] getInstance
[CTEST][GET-PARAM] getEnabled
[CTEST][GET-PARAM] getProps
[CTEST][GET-PARAM] getRegisterType
[CTEST][GET-PARAM] getRegisterType
==================================================================================
mvn surefire:test -Dtest=org.apache.shenyu.common.config.ShenyuConfigTest#testInstanceConfig
time elapsed: 3.694866418838501
org.apache.shenyu.common.config.ShenyuConfigTest#testInstanceConfig success
org.apache.shenyu.common.config.ShenyuConfigTest-output.txt
[CTEST][GET-PARAM] getInstance
[CTEST][GET-PARAM] getEnabled
[CTEST][GET-PARAM] getProps
[CTEST][GET-PARAM] getRegisterType
[CTEST][GET-PARAM] getRegisterType
==================================================================================
mvn surefire:test -Dtest=org.apache.shenyu.common.config.ShenyuConfigTest#testLocal
time elapsed: 3.657170534133911
org.apache.shenyu.common.config.ShenyuConfigTest#testLocal success
org.apache.shenyu.common.config.ShenyuConfigTest-output.txt
[CTEST][GET-PARAM] getLocal
[CTEST][GET-PARAM] getEnabled
[CTEST][GET-PARAM] getSha512Key
==================================================================================
mvn surefire:test -Dtest=org.apache.shenyu.common.config.ShenyuConfigTest#testLocal
time elapsed: 3.703949213027954
org.apache.shenyu.common.config.ShenyuConfigTest#testLocal success
org.apache.shenyu.common.config.ShenyuConfigTest-output.txt
[CTEST][GET-PARAM] getLocal
[CTEST][GET-PARAM] getEnabled
[CTEST][GET-PARAM] getSha512Key
==================================================================================
mvn surefire:test -Dtest=org.apache.shenyu.common.config.ShenyuConfigTest#testLocal
time elapsed: 3.817115306854248
org.apache.shenyu.common.config.ShenyuConfigTest#testLocal success
org.apache.shenyu.common.config.ShenyuConfigTest-output.txt
[CTEST][GET-PARAM] getLocal
[CTEST][GET-PARAM] getEnabled
[CTEST][GET-PARAM] getSha512Key
==================================================================================
mvn surefire:test -Dtest=org.apache.shenyu.common.config.ShenyuConfigTest#testLocal
time elapsed: 3.535388946533203
org.apache.shenyu.common.config.ShenyuConfigTest#testLocal success
org.apache.shenyu.common.config.ShenyuConfigTest-output.txt
[CTEST][GET-PARAM] getLocal
[CTEST][GET-PARAM] getEnabled
[CTEST][GET-PARAM] getSha512Key
==================================================================================
mvn surefire:test -Dtest=org.apache.shenyu.common.config.ShenyuConfigTest#testLocal
time elapsed: 3.561145067214966
org.apache.shenyu.common.config.ShenyuConfigTest#testLocal success
org.apache.shenyu.common.config.ShenyuConfigTest-output.txt
[CTEST][GET-PARAM] getLocal
[CTEST][GET-PARAM] getEnabled
[CTEST][GET-PARAM] getSha512Key
==================================================================================
mvn surefire:test -Dtest=org.apache.shenyu.common.config.ShenyuConfigTest#testFallbackPath
time elapsed: 3.609062910079956
org.apache.shenyu.common.config.ShenyuConfigTest#testFallbackPath success
org.apache.shenyu.common.config.ShenyuConfigTest-output.txt
[CTEST][GET-PARAM] getFallback
[CTEST][GET-PARAM] getPaths
[CTEST][GET-PARAM] getEnabled
==================================================================================
mvn surefire:test -Dtest=org.apache.shenyu.common.config.ShenyuConfigTest#testFallbackPath
time elapsed: 3.7483084201812744
org.apache.shenyu.common.config.ShenyuConfigTest#testFallbackPath success
org.apache.shenyu.common.config.ShenyuConfigTest-output.txt
[CTEST][GET-PARAM] getFallback
[CTEST][GET-PARAM] getPaths
[CTEST][GET-PARAM] getEnabled
==================================================================================
mvn surefire:test -Dtest=org.apache.shenyu.common.config.ShenyuConfigTest#testFallbackPath
time elapsed: 3.529637575149536
org.apache.shenyu.common.config.ShenyuConfigTest#testFallbackPath success
org.apache.shenyu.common.config.ShenyuConfigTest-output.txt
[CTEST][GET-PARAM] getFallback
[CTEST][GET-PARAM] getPaths
[CTEST][GET-PARAM] getEnabled
==================================================================================
mvn surefire:test -Dtest=org.apache.shenyu.common.config.ShenyuConfigTest#testFallbackPath
time elapsed: 3.8178982734680176
org.apache.shenyu.common.config.ShenyuConfigTest#testFallbackPath success
org.apache.shenyu.common.config.ShenyuConfigTest-output.txt
[CTEST][GET-PARAM] getFallback
[CTEST][GET-PARAM] getPaths
[CTEST][GET-PARAM] getEnabled
==================================================================================
mvn surefire:test -Dtest=org.apache.shenyu.common.config.ShenyuConfigTest#testFallbackPath
time elapsed: 3.823828935623169
org.apache.shenyu.common.config.ShenyuConfigTest#testFallbackPath success
org.apache.shenyu.common.config.ShenyuConfigTest-output.txt
[CTEST][GET-PARAM] getFallback
[CTEST][GET-PARAM] getPaths
[CTEST][GET-PARAM] getEnabled
==================================================================================
mvn surefire:test -Dtest=org.apache.shenyu.common.config.ShenyuConfigTest#testExtPlugin
time elapsed: 3.6642606258392334
org.apache.shenyu.common.config.ShenyuConfigTest#testExtPlugin success
org.apache.shenyu.common.config.ShenyuConfigTest-output.txt
[CTEST][GET-PARAM] getExtPlugin
[CTEST][GET-PARAM] getPath
[CTEST][GET-PARAM] getThreads
[CTEST][GET-PARAM] getEnabled
[CTEST][GET-PARAM] getScheduleDelay
[CTEST][GET-PARAM] getScheduleTime
==================================================================================
mvn surefire:test -Dtest=org.apache.shenyu.common.config.ShenyuConfigTest#testExtPlugin
time elapsed: 3.49222731590271
org.apache.shenyu.common.config.ShenyuConfigTest#testExtPlugin success
org.apache.shenyu.common.config.ShenyuConfigTest-output.txt
[CTEST][GET-PARAM] getExtPlugin
[CTEST][GET-PARAM] getPath
[CTEST][GET-PARAM] getThreads
[CTEST][GET-PARAM] getEnabled
[CTEST][GET-PARAM] getScheduleDelay
[CTEST][GET-PARAM] getScheduleTime
==================================================================================
mvn surefire:test -Dtest=org.apache.shenyu.common.config.ShenyuConfigTest#testExtPlugin
time elapsed: 3.6935203075408936
org.apache.shenyu.common.config.ShenyuConfigTest#testExtPlugin success
org.apache.shenyu.common.config.ShenyuConfigTest-output.txt
[CTEST][GET-PARAM] getExtPlugin
[CTEST][GET-PARAM] getPath
[CTEST][GET-PARAM] getThreads
[CTEST][GET-PARAM] getEnabled
[CTEST][GET-PARAM] getScheduleDelay
[CTEST][GET-PARAM] getScheduleTime
==================================================================================
mvn surefire:test -Dtest=org.apache.shenyu.common.config.ShenyuConfigTest#testExtPlugin
time elapsed: 3.7336337566375732
org.apache.shenyu.common.config.ShenyuConfigTest#testExtPlugin success
org.apache.shenyu.common.config.ShenyuConfigTest-output.txt
[CTEST][GET-PARAM] getExtPlugin
[CTEST][GET-PARAM] getPath
[CTEST][GET-PARAM] getThreads
[CTEST][GET-PARAM] getEnabled
[CTEST][GET-PARAM] getScheduleDelay
[CTEST][GET-PARAM] getScheduleTime
==================================================================================
mvn surefire:test -Dtest=org.apache.shenyu.common.config.ShenyuConfigTest#testExtPlugin
time elapsed: 3.6549935340881348
org.apache.shenyu.common.config.ShenyuConfigTest#testExtPlugin success
org.apache.shenyu.common.config.ShenyuConfigTest-output.txt
[CTEST][GET-PARAM] getExtPlugin
[CTEST][GET-PARAM] getPath
[CTEST][GET-PARAM] getThreads
[CTEST][GET-PARAM] getEnabled
[CTEST][GET-PARAM] getScheduleDelay
[CTEST][GET-PARAM] getScheduleTime
==================================================================================
mvn surefire:test -Dtest=org.apache.shenyu.common.config.ShenyuConfigTest#testExtPlugin
time elapsed: 3.6468567848205566
org.apache.shenyu.common.config.ShenyuConfigTest#testExtPlugin success
org.apache.shenyu.common.config.ShenyuConfigTest-output.txt
[CTEST][GET-PARAM] getExtPlugin
[CTEST][GET-PARAM] getPath
[CTEST][GET-PARAM] getThreads
[CTEST][GET-PARAM] getEnabled
[CTEST][GET-PARAM] getScheduleDelay
[CTEST][GET-PARAM] getScheduleTime
==================================================================================
mvn surefire:test -Dtest=org.apache.shenyu.common.config.ShenyuConfigTest#testExtPlugin
time elapsed: 3.79971981048584
org.apache.shenyu.common.config.ShenyuConfigTest#testExtPlugin success
org.apache.shenyu.common.config.ShenyuConfigTest-output.txt
[CTEST][GET-PARAM] getExtPlugin
[CTEST][GET-PARAM] getPath
[CTEST][GET-PARAM] getThreads
[CTEST][GET-PARAM] getEnabled
[CTEST][GET-PARAM] getScheduleDelay
[CTEST][GET-PARAM] getScheduleTime
==================================================================================
mvn surefire:test -Dtest=org.apache.shenyu.common.config.ShenyuConfigTest#testExtPlugin
time elapsed: 3.6149260997772217
org.apache.shenyu.common.config.ShenyuConfigTest#testExtPlugin success
org.apache.shenyu.common.config.ShenyuConfigTest-output.txt
[CTEST][GET-PARAM] getExtPlugin
[CTEST][GET-PARAM] getPath
[CTEST][GET-PARAM] getThreads
[CTEST][GET-PARAM] getEnabled
[CTEST][GET-PARAM] getScheduleDelay
[CTEST][GET-PARAM] getScheduleTime
==================================================================================
mvn surefire:test -Dtest=org.apache.shenyu.common.config.ShenyuConfigTest#testExtPlugin
time elapsed: 3.78328537940979
org.apache.shenyu.common.config.ShenyuConfigTest#testExtPlugin success
org.apache.shenyu.common.config.ShenyuConfigTest-output.txt
[CTEST][GET-PARAM] getExtPlugin
[CTEST][GET-PARAM] getPath
[CTEST][GET-PARAM] getThreads
[CTEST][GET-PARAM] getEnabled
[CTEST][GET-PARAM] getScheduleDelay
[CTEST][GET-PARAM] getScheduleTime
==================================================================================
mvn surefire:test -Dtest=org.apache.shenyu.common.config.ShenyuConfigTest#testExtPlugin
time elapsed: 3.6000843048095703
org.apache.shenyu.common.config.ShenyuConfigTest#testExtPlugin success
org.apache.shenyu.common.config.ShenyuConfigTest-output.txt
[CTEST][GET-PARAM] getExtPlugin
[CTEST][GET-PARAM] getPath
[CTEST][GET-PARAM] getThreads
[CTEST][GET-PARAM] getEnabled
[CTEST][GET-PARAM] getScheduleDelay
[CTEST][GET-PARAM] getScheduleTime
==================================================================================
mvn surefire:test -Dtest=org.apache.shenyu.common.config.ShenyuConfigTest#testShenyuConfig
time elapsed: 3.9754137992858887
org.apache.shenyu.common.config.ShenyuConfigTest#testShenyuConfig success
org.apache.shenyu.common.config.ShenyuConfigTest-output.txt
[CTEST][GET-PARAM] getCross
[CTEST][GET-PARAM] getSwitchConfig
[CTEST][GET-PARAM] getExclude
[CTEST][GET-PARAM] getFallback
[CTEST][GET-PARAM] getFile
[CTEST][GET-PARAM] getInstance
[CTEST][GET-PARAM] getExtPlugin
[CTEST][GET-PARAM] getLocal
[CTEST][GET-PARAM] getRibbon
[CTEST][GET-PARAM] getScheduler
[CTEST][GET-PARAM] getSharedPool
[CTEST][GET-PARAM] getWebsocket
[CTEST][GET-PARAM] getUpstreamCheck
==================================================================================
mvn surefire:test -Dtest=org.apache.shenyu.common.config.ShenyuConfigTest#testShenyuConfig
time elapsed: 3.8909080028533936
org.apache.shenyu.common.config.ShenyuConfigTest#testShenyuConfig success
org.apache.shenyu.common.config.ShenyuConfigTest-output.txt
[CTEST][GET-PARAM] getCross
[CTEST][GET-PARAM] getSwitchConfig
[CTEST][GET-PARAM] getExclude
[CTEST][GET-PARAM] getFallback
[CTEST][GET-PARAM] getFile
[CTEST][GET-PARAM] getInstance
[CTEST][GET-PARAM] getExtPlugin
[CTEST][GET-PARAM] getLocal
[CTEST][GET-PARAM] getRibbon
[CTEST][GET-PARAM] getScheduler
[CTEST][GET-PARAM] getSharedPool
[CTEST][GET-PARAM] getWebsocket
[CTEST][GET-PARAM] getUpstreamCheck
==================================================================================
mvn surefire:test -Dtest=org.apache.shenyu.common.config.ShenyuConfigTest#testShenyuConfig
time elapsed: 3.857347011566162
org.apache.shenyu.common.config.ShenyuConfigTest#testShenyuConfig success
org.apache.shenyu.common.config.ShenyuConfigTest-output.txt
[CTEST][GET-PARAM] getCross
[CTEST][GET-PARAM] getSwitchConfig
[CTEST][GET-PARAM] getExclude
[CTEST][GET-PARAM] getFallback
[CTEST][GET-PARAM] getFile
[CTEST][GET-PARAM] getInstance
[CTEST][GET-PARAM] getExtPlugin
[CTEST][GET-PARAM] getLocal
[CTEST][GET-PARAM] getRibbon
[CTEST][GET-PARAM] getScheduler
[CTEST][GET-PARAM] getSharedPool
[CTEST][GET-PARAM] getWebsocket
[CTEST][GET-PARAM] getUpstreamCheck
==================================================================================
mvn surefire:test -Dtest=org.apache.shenyu.common.config.ShenyuConfigTest#testShenyuConfig
time elapsed: 3.806429862976074
org.apache.shenyu.common.config.ShenyuConfigTest#testShenyuConfig success
org.apache.shenyu.common.config.ShenyuConfigTest-output.txt
[CTEST][GET-PARAM] getCross
[CTEST][GET-PARAM] getSwitchConfig
[CTEST][GET-PARAM] getExclude
[CTEST][GET-PARAM] getFallback
[CTEST][GET-PARAM] getFile
[CTEST][GET-PARAM] getInstance
[CTEST][GET-PARAM] getExtPlugin
[CTEST][GET-PARAM] getLocal
[CTEST][GET-PARAM] getRibbon
[CTEST][GET-PARAM] getScheduler
[CTEST][GET-PARAM] getSharedPool
[CTEST][GET-PARAM] getWebsocket
[CTEST][GET-PARAM] getUpstreamCheck
==================================================================================
mvn surefire:test -Dtest=org.apache.shenyu.common.config.ShenyuConfigTest#testShenyuConfig
time elapsed: 3.6636099815368652
org.apache.shenyu.common.config.ShenyuConfigTest#testShenyuConfig success
org.apache.shenyu.common.config.ShenyuConfigTest-output.txt
[CTEST][GET-PARAM] getCross
[CTEST][GET-PARAM] getSwitchConfig
[CTEST][GET-PARAM] getExclude
[CTEST][GET-PARAM] getFallback
[CTEST][GET-PARAM] getFile
[CTEST][GET-PARAM] getInstance
[CTEST][GET-PARAM] getExtPlugin
[CTEST][GET-PARAM] getLocal
[CTEST][GET-PARAM] getRibbon
[CTEST][GET-PARAM] getScheduler
[CTEST][GET-PARAM] getSharedPool
[CTEST][GET-PARAM] getWebsocket
[CTEST][GET-PARAM] getUpstreamCheck
==================================================================================
mvn surefire:test -Dtest=org.apache.shenyu.common.config.ShenyuConfigTest#testShenyuConfig
time elapsed: 3.6048781871795654
org.apache.shenyu.common.config.ShenyuConfigTest#testShenyuConfig success
org.apache.shenyu.common.config.ShenyuConfigTest-output.txt
[CTEST][GET-PARAM] getCross
[CTEST][GET-PARAM] getSwitchConfig
[CTEST][GET-PARAM] getExclude
[CTEST][GET-PARAM] getFallback
[CTEST][GET-PARAM] getFile
[CTEST][GET-PARAM] getInstance
[CTEST][GET-PARAM] getExtPlugin
[CTEST][GET-PARAM] getLocal
[CTEST][GET-PARAM] getRibbon
[CTEST][GET-PARAM] getScheduler
[CTEST][GET-PARAM] getSharedPool
[CTEST][GET-PARAM] getWebsocket
[CTEST][GET-PARAM] getUpstreamCheck
==================================================================================
mvn surefire:test -Dtest=org.apache.shenyu.common.config.ShenyuConfigTest#testShenyuConfig
time elapsed: 3.631995439529419
org.apache.shenyu.common.config.ShenyuConfigTest#testShenyuConfig success
org.apache.shenyu.common.config.ShenyuConfigTest-output.txt
[CTEST][GET-PARAM] getCross
[CTEST][GET-PARAM] getSwitchConfig
[CTEST][GET-PARAM] getExclude
[CTEST][GET-PARAM] getFallback
[CTEST][GET-PARAM] getFile
[CTEST][GET-PARAM] getInstance
[CTEST][GET-PARAM] getExtPlugin
[CTEST][GET-PARAM] getLocal
[CTEST][GET-PARAM] getRibbon
[CTEST][GET-PARAM] getScheduler
[CTEST][GET-PARAM] getSharedPool
[CTEST][GET-PARAM] getWebsocket
[CTEST][GET-PARAM] getUpstreamCheck
==================================================================================
mvn surefire:test -Dtest=org.apache.shenyu.common.config.ShenyuConfigTest#testShenyuConfig
time elapsed: 3.883854866027832
org.apache.shenyu.common.config.ShenyuConfigTest#testShenyuConfig success
org.apache.shenyu.common.config.ShenyuConfigTest-output.txt
[CTEST][GET-PARAM] getCross
[CTEST][GET-PARAM] getSwitchConfig
[CTEST][GET-PARAM] getExclude
[CTEST][GET-PARAM] getFallback
[CTEST][GET-PARAM] getFile
[CTEST][GET-PARAM] getInstance
[CTEST][GET-PARAM] getExtPlugin
[CTEST][GET-PARAM] getLocal
[CTEST][GET-PARAM] getRibbon
[CTEST][GET-PARAM] getScheduler
[CTEST][GET-PARAM] getSharedPool
[CTEST][GET-PARAM] getWebsocket
[CTEST][GET-PARAM] getUpstreamCheck
==================================================================================
mvn surefire:test -Dtest=org.apache.shenyu.common.config.ShenyuConfigTest#testShenyuConfig
time elapsed: 3.9053640365600586
org.apache.shenyu.common.config.ShenyuConfigTest#testShenyuConfig success
org.apache.shenyu.common.config.ShenyuConfigTest-output.txt
[CTEST][GET-PARAM] getCross
[CTEST][GET-PARAM] getSwitchConfig
[CTEST][GET-PARAM] getExclude
[CTEST][GET-PARAM] getFallback
[CTEST][GET-PARAM] getFile
[CTEST][GET-PARAM] getInstance
[CTEST][GET-PARAM] getExtPlugin
[CTEST][GET-PARAM] getLocal
[CTEST][GET-PARAM] getRibbon
[CTEST][GET-PARAM] getScheduler
[CTEST][GET-PARAM] getSharedPool
[CTEST][GET-PARAM] getWebsocket
[CTEST][GET-PARAM] getUpstreamCheck
==================================================================================
mvn surefire:test -Dtest=org.apache.shenyu.common.config.ShenyuConfigTest#testShenyuConfig
time elapsed: 3.6200311183929443
org.apache.shenyu.common.config.ShenyuConfigTest#testShenyuConfig success
org.apache.shenyu.common.config.ShenyuConfigTest-output.txt
[CTEST][GET-PARAM] getCross
[CTEST][GET-PARAM] getSwitchConfig
[CTEST][GET-PARAM] getExclude
[CTEST][GET-PARAM] getFallback
[CTEST][GET-PARAM] getFile
[CTEST][GET-PARAM] getInstance
[CTEST][GET-PARAM] getExtPlugin
[CTEST][GET-PARAM] getLocal
[CTEST][GET-PARAM] getRibbon
[CTEST][GET-PARAM] getScheduler
[CTEST][GET-PARAM] getSharedPool
[CTEST][GET-PARAM] getWebsocket
[CTEST][GET-PARAM] getUpstreamCheck
==================================================================================
mvn surefire:test -Dtest=org.apache.shenyu.common.config.ShenyuConfigTest#testShenyuConfig
time elapsed: 3.6205265522003174
org.apache.shenyu.common.config.ShenyuConfigTest#testShenyuConfig success
org.apache.shenyu.common.config.ShenyuConfigTest-output.txt
[CTEST][GET-PARAM] getCross
[CTEST][GET-PARAM] getSwitchConfig
[CTEST][GET-PARAM] getExclude
[CTEST][GET-PARAM] getFallback
[CTEST][GET-PARAM] getFile
[CTEST][GET-PARAM] getInstance
[CTEST][GET-PARAM] getExtPlugin
[CTEST][GET-PARAM] getLocal
[CTEST][GET-PARAM] getRibbon
[CTEST][GET-PARAM] getScheduler
[CTEST][GET-PARAM] getSharedPool
[CTEST][GET-PARAM] getWebsocket
[CTEST][GET-PARAM] getUpstreamCheck
==================================================================================
mvn surefire:test -Dtest=org.apache.shenyu.common.config.ShenyuConfigTest#testShenyuConfig
time elapsed: 3.6275556087493896
org.apache.shenyu.common.config.ShenyuConfigTest#testShenyuConfig success
org.apache.shenyu.common.config.ShenyuConfigTest-output.txt
[CTEST][GET-PARAM] getCross
[CTEST][GET-PARAM] getSwitchConfig
[CTEST][GET-PARAM] getExclude
[CTEST][GET-PARAM] getFallback
[CTEST][GET-PARAM] getFile
[CTEST][GET-PARAM] getInstance
[CTEST][GET-PARAM] getExtPlugin
[CTEST][GET-PARAM] getLocal
[CTEST][GET-PARAM] getRibbon
[CTEST][GET-PARAM] getScheduler
[CTEST][GET-PARAM] getSharedPool
[CTEST][GET-PARAM] getWebsocket
[CTEST][GET-PARAM] getUpstreamCheck
==================================================================================
mvn surefire:test -Dtest=org.apache.shenyu.common.config.ShenyuConfigTest#testShenyuConfig
time elapsed: 3.6424031257629395
org.apache.shenyu.common.config.ShenyuConfigTest#testShenyuConfig success
org.apache.shenyu.common.config.ShenyuConfigTest-output.txt
[CTEST][GET-PARAM] getCross
[CTEST][GET-PARAM] getSwitchConfig
[CTEST][GET-PARAM] getExclude
[CTEST][GET-PARAM] getFallback
[CTEST][GET-PARAM] getFile
[CTEST][GET-PARAM] getInstance
[CTEST][GET-PARAM] getExtPlugin
[CTEST][GET-PARAM] getLocal
[CTEST][GET-PARAM] getRibbon
[CTEST][GET-PARAM] getScheduler
[CTEST][GET-PARAM] getSharedPool
[CTEST][GET-PARAM] getWebsocket
[CTEST][GET-PARAM] getUpstreamCheck
==================================================================================
mvn surefire:test -Dtest=org.apache.shenyu.common.config.ShenyuConfigTest#testShenyuConfig
time elapsed: 3.624912738800049
org.apache.shenyu.common.config.ShenyuConfigTest#testShenyuConfig success
org.apache.shenyu.common.config.ShenyuConfigTest-output.txt
[CTEST][GET-PARAM] getCross
[CTEST][GET-PARAM] getSwitchConfig
[CTEST][GET-PARAM] getExclude
[CTEST][GET-PARAM] getFallback
[CTEST][GET-PARAM] getFile
[CTEST][GET-PARAM] getInstance
[CTEST][GET-PARAM] getExtPlugin
[CTEST][GET-PARAM] getLocal
[CTEST][GET-PARAM] getRibbon
[CTEST][GET-PARAM] getScheduler
[CTEST][GET-PARAM] getSharedPool
[CTEST][GET-PARAM] getWebsocket
[CTEST][GET-PARAM] getUpstreamCheck
==================================================================================
mvn surefire:test -Dtest=org.apache.shenyu.common.config.ShenyuConfigTest#testWebsocketConfig
time elapsed: 3.578456401824951
org.apache.shenyu.common.config.ShenyuConfigTest#testWebsocketConfig success
org.apache.shenyu.common.config.ShenyuConfigTest-output.txt
[CTEST][GET-PARAM] getWebsocket
[CTEST][GET-PARAM] getMaxFramePayloadSize
==================================================================================
mvn surefire:test -Dtest=org.apache.shenyu.common.config.ShenyuConfigTest#testWebsocketConfig
time elapsed: 3.6207070350646973
org.apache.shenyu.common.config.ShenyuConfigTest#testWebsocketConfig success
org.apache.shenyu.common.config.ShenyuConfigTest-output.txt
[CTEST][GET-PARAM] getWebsocket
[CTEST][GET-PARAM] getMaxFramePayloadSize
==================================================================================
mvn surefire:test -Dtest=org.apache.shenyu.common.config.ShenyuConfigTest#testWebsocketConfig
time elapsed: 3.7329771518707275
org.apache.shenyu.common.config.ShenyuConfigTest#testWebsocketConfig success
org.apache.shenyu.common.config.ShenyuConfigTest-output.txt
[CTEST][GET-PARAM] getWebsocket
[CTEST][GET-PARAM] getMaxFramePayloadSize
==================================================================================
mvn surefire:test -Dtest=org.apache.shenyu.common.config.ShenyuConfigTest#testCrossFilterConfig
time elapsed: 3.3287110328674316
org.apache.shenyu.common.config.ShenyuConfigTest#testCrossFilterConfig success
org.apache.shenyu.common.config.ShenyuConfigTest-output.txt
[CTEST][GET-PARAM] getCross
[CTEST][GET-PARAM] isAllowCredentials
[CTEST][GET-PARAM] getAllowedExpose
[CTEST][GET-PARAM] getAllowedHeaders
[CTEST][GET-PARAM] getAllowedOrigin
[CTEST][GET-PARAM] getEnabled
[CTEST][GET-PARAM] getMaxAge
[CTEST][GET-PARAM] getAllowedMethods
==================================================================================
mvn surefire:test -Dtest=org.apache.shenyu.common.config.ShenyuConfigTest#testCrossFilterConfig
time elapsed: 3.6041197776794434
org.apache.shenyu.common.config.ShenyuConfigTest#testCrossFilterConfig success
org.apache.shenyu.common.config.ShenyuConfigTest-output.txt
[CTEST][GET-PARAM] getCross
[CTEST][GET-PARAM] isAllowCredentials
[CTEST][GET-PARAM] getAllowedExpose
[CTEST][GET-PARAM] getAllowedHeaders
[CTEST][GET-PARAM] getAllowedOrigin
[CTEST][GET-PARAM] getEnabled
[CTEST][GET-PARAM] getMaxAge
[CTEST][GET-PARAM] getAllowedMethods
==================================================================================
mvn surefire:test -Dtest=org.apache.shenyu.common.config.ShenyuConfigTest#testCrossFilterConfig
time elapsed: 3.784116744995117
org.apache.shenyu.common.config.ShenyuConfigTest#testCrossFilterConfig success
org.apache.shenyu.common.config.ShenyuConfigTest-output.txt
[CTEST][GET-PARAM] getCross
[CTEST][GET-PARAM] isAllowCredentials
[CTEST][GET-PARAM] getAllowedExpose
[CTEST][GET-PARAM] getAllowedHeaders
[CTEST][GET-PARAM] getAllowedOrigin
[CTEST][GET-PARAM] getEnabled
[CTEST][GET-PARAM] getMaxAge
[CTEST][GET-PARAM] getAllowedMethods
==================================================================================
mvn surefire:test -Dtest=org.apache.shenyu.common.config.ShenyuConfigTest#testCrossFilterConfig
time elapsed: 3.660879135131836
org.apache.shenyu.common.config.ShenyuConfigTest#testCrossFilterConfig success
org.apache.shenyu.common.config.ShenyuConfigTest-output.txt
[CTEST][GET-PARAM] getCross
[CTEST][GET-PARAM] isAllowCredentials
[CTEST][GET-PARAM] getAllowedExpose
[CTEST][GET-PARAM] getAllowedHeaders
[CTEST][GET-PARAM] getAllowedOrigin
[CTEST][GET-PARAM] getEnabled
[CTEST][GET-PARAM] getMaxAge
[CTEST][GET-PARAM] getAllowedMethods
==================================================================================
mvn surefire:test -Dtest=org.apache.shenyu.common.config.ShenyuConfigTest#testCrossFilterConfig
time elapsed: 3.5193817615509033
org.apache.shenyu.common.config.ShenyuConfigTest#testCrossFilterConfig success
org.apache.shenyu.common.config.ShenyuConfigTest-output.txt
[CTEST][GET-PARAM] getCross
[CTEST][GET-PARAM] isAllowCredentials
[CTEST][GET-PARAM] getAllowedExpose
[CTEST][GET-PARAM] getAllowedHeaders
[CTEST][GET-PARAM] getAllowedOrigin
[CTEST][GET-PARAM] getEnabled
[CTEST][GET-PARAM] getMaxAge
[CTEST][GET-PARAM] getAllowedMethods
==================================================================================
mvn surefire:test -Dtest=org.apache.shenyu.common.config.ShenyuConfigTest#testCrossFilterConfig
time elapsed: 4.002496242523193
org.apache.shenyu.common.config.ShenyuConfigTest#testCrossFilterConfig success
org.apache.shenyu.common.config.ShenyuConfigTest-output.txt
[CTEST][GET-PARAM] getCross
[CTEST][GET-PARAM] isAllowCredentials
[CTEST][GET-PARAM] getAllowedExpose
[CTEST][GET-PARAM] getAllowedHeaders
[CTEST][GET-PARAM] getAllowedOrigin
[CTEST][GET-PARAM] getEnabled
[CTEST][GET-PARAM] getMaxAge
[CTEST][GET-PARAM] getAllowedMethods
==================================================================================
mvn surefire:test -Dtest=org.apache.shenyu.common.config.ShenyuConfigTest#testCrossFilterConfig
time elapsed: 3.7071025371551514
org.apache.shenyu.common.config.ShenyuConfigTest#testCrossFilterConfig success
org.apache.shenyu.common.config.ShenyuConfigTest-output.txt
[CTEST][GET-PARAM] getCross
[CTEST][GET-PARAM] isAllowCredentials
[CTEST][GET-PARAM] getAllowedExpose
[CTEST][GET-PARAM] getAllowedHeaders
[CTEST][GET-PARAM] getAllowedOrigin
[CTEST][GET-PARAM] getEnabled
[CTEST][GET-PARAM] getMaxAge
[CTEST][GET-PARAM] getAllowedMethods
==================================================================================
mvn surefire:test -Dtest=org.apache.shenyu.common.config.ShenyuConfigTest#testCrossFilterConfig
time elapsed: 3.55470871925354
org.apache.shenyu.common.config.ShenyuConfigTest#testCrossFilterConfig success
org.apache.shenyu.common.config.ShenyuConfigTest-output.txt
[CTEST][GET-PARAM] getCross
[CTEST][GET-PARAM] isAllowCredentials
[CTEST][GET-PARAM] getAllowedExpose
[CTEST][GET-PARAM] getAllowedHeaders
[CTEST][GET-PARAM] getAllowedOrigin
[CTEST][GET-PARAM] getEnabled
[CTEST][GET-PARAM] getMaxAge
[CTEST][GET-PARAM] getAllowedMethods
==================================================================================
mvn surefire:test -Dtest=org.apache.shenyu.common.config.ShenyuConfigTest#testCrossFilterConfig
time elapsed: 3.8213915824890137
org.apache.shenyu.common.config.ShenyuConfigTest#testCrossFilterConfig success
org.apache.shenyu.common.config.ShenyuConfigTest-output.txt
[CTEST][GET-PARAM] getCross
[CTEST][GET-PARAM] isAllowCredentials
[CTEST][GET-PARAM] getAllowedExpose
[CTEST][GET-PARAM] getAllowedHeaders
[CTEST][GET-PARAM] getAllowedOrigin
[CTEST][GET-PARAM] getEnabled
[CTEST][GET-PARAM] getMaxAge
[CTEST][GET-PARAM] getAllowedMethods
==================================================================================
mvn surefire:test -Dtest=org.apache.shenyu.common.config.ShenyuConfigTest#testCrossFilterConfig
time elapsed: 3.867643117904663
org.apache.shenyu.common.config.ShenyuConfigTest#testCrossFilterConfig success
org.apache.shenyu.common.config.ShenyuConfigTest-output.txt
[CTEST][GET-PARAM] getCross
[CTEST][GET-PARAM] isAllowCredentials
[CTEST][GET-PARAM] getAllowedExpose
[CTEST][GET-PARAM] getAllowedHeaders
[CTEST][GET-PARAM] getAllowedOrigin
[CTEST][GET-PARAM] getEnabled
[CTEST][GET-PARAM] getMaxAge
[CTEST][GET-PARAM] getAllowedMethods
==================================================================================
mvn surefire:test -Dtest=org.apache.shenyu.common.config.ShenyuConfigTest#testCrossFilterConfig
time elapsed: 3.5769684314727783
org.apache.shenyu.common.config.ShenyuConfigTest#testCrossFilterConfig success
org.apache.shenyu.common.config.ShenyuConfigTest-output.txt
[CTEST][GET-PARAM] getCross
[CTEST][GET-PARAM] isAllowCredentials
[CTEST][GET-PARAM] getAllowedExpose
[CTEST][GET-PARAM] getAllowedHeaders
[CTEST][GET-PARAM] getAllowedOrigin
[CTEST][GET-PARAM] getEnabled
[CTEST][GET-PARAM] getMaxAge
[CTEST][GET-PARAM] getAllowedMethods
==================================================================================
mvn surefire:test -Dtest=org.apache.shenyu.common.config.ShenyuConfigTest#testCrossFilterConfig
time elapsed: 3.70660400390625
org.apache.shenyu.common.config.ShenyuConfigTest#testCrossFilterConfig success
org.apache.shenyu.common.config.ShenyuConfigTest-output.txt
[CTEST][GET-PARAM] getCross
[CTEST][GET-PARAM] isAllowCredentials
[CTEST][GET-PARAM] getAllowedExpose
[CTEST][GET-PARAM] getAllowedHeaders
[CTEST][GET-PARAM] getAllowedOrigin
[CTEST][GET-PARAM] getEnabled
[CTEST][GET-PARAM] getMaxAge
[CTEST][GET-PARAM] getAllowedMethods
==================================================================================
mvn surefire:test -Dtest=org.apache.shenyu.common.config.ShenyuConfigTest#testCrossFilterConfig
time elapsed: 3.4243102073669434
org.apache.shenyu.common.config.ShenyuConfigTest#testCrossFilterConfig success
org.apache.shenyu.common.config.ShenyuConfigTest-output.txt
[CTEST][GET-PARAM] getCross
[CTEST][GET-PARAM] isAllowCredentials
[CTEST][GET-PARAM] getAllowedExpose
[CTEST][GET-PARAM] getAllowedHeaders
[CTEST][GET-PARAM] getAllowedOrigin
[CTEST][GET-PARAM] getEnabled
[CTEST][GET-PARAM] getMaxAge
[CTEST][GET-PARAM] getAllowedMethods
==================================================================================
mvn surefire:test -Dtest=org.apache.shenyu.common.config.ShenyuConfigTest#testScheduler
time elapsed: 3.5860626697540283
org.apache.shenyu.common.config.ShenyuConfigTest#testScheduler success
org.apache.shenyu.common.config.ShenyuConfigTest-output.txt
[CTEST][GET-PARAM] getScheduler
[CTEST][GET-PARAM] getEnabled
[CTEST][GET-PARAM] getThreads
[CTEST][GET-PARAM] getType
==================================================================================
mvn surefire:test -Dtest=org.apache.shenyu.common.config.ShenyuConfigTest#testScheduler
time elapsed: 3.570751190185547
org.apache.shenyu.common.config.ShenyuConfigTest#testScheduler success
org.apache.shenyu.common.config.ShenyuConfigTest-output.txt
[CTEST][GET-PARAM] getScheduler
[CTEST][GET-PARAM] getEnabled
[CTEST][GET-PARAM] getThreads
[CTEST][GET-PARAM] getType
==================================================================================
mvn surefire:test -Dtest=org.apache.shenyu.common.config.ShenyuConfigTest#testScheduler
time elapsed: 3.867250442504883
org.apache.shenyu.common.config.ShenyuConfigTest#testScheduler success
org.apache.shenyu.common.config.ShenyuConfigTest-output.txt
[CTEST][GET-PARAM] getScheduler
[CTEST][GET-PARAM] getEnabled
[CTEST][GET-PARAM] getThreads
[CTEST][GET-PARAM] getType
==================================================================================
mvn surefire:test -Dtest=org.apache.shenyu.common.config.ShenyuConfigTest#testScheduler
time elapsed: 3.4666028022766113
org.apache.shenyu.common.config.ShenyuConfigTest#testScheduler success
org.apache.shenyu.common.config.ShenyuConfigTest-output.txt
[CTEST][GET-PARAM] getScheduler
[CTEST][GET-PARAM] getEnabled
[CTEST][GET-PARAM] getThreads
[CTEST][GET-PARAM] getType
==================================================================================
mvn surefire:test -Dtest=org.apache.shenyu.common.config.ShenyuConfigTest#testScheduler
time elapsed: 4.139416217803955
org.apache.shenyu.common.config.ShenyuConfigTest#testScheduler success
org.apache.shenyu.common.config.ShenyuConfigTest-output.txt
[CTEST][GET-PARAM] getScheduler
[CTEST][GET-PARAM] getEnabled
[CTEST][GET-PARAM] getThreads
[CTEST][GET-PARAM] getType
==================================================================================
mvn surefire:test -Dtest=org.apache.shenyu.common.config.ShenyuConfigTest#testScheduler
time elapsed: 3.751617908477783
org.apache.shenyu.common.config.ShenyuConfigTest#testScheduler success
org.apache.shenyu.common.config.ShenyuConfigTest-output.txt
[CTEST][GET-PARAM] getScheduler
[CTEST][GET-PARAM] getEnabled
[CTEST][GET-PARAM] getThreads
[CTEST][GET-PARAM] getType
==================================================================================
mvn surefire:test -Dtest=org.apache.shenyu.common.config.ShenyuConfigTest#testScheduler
time elapsed: 3.9287490844726562
org.apache.shenyu.common.config.ShenyuConfigTest#testScheduler success
org.apache.shenyu.common.config.ShenyuConfigTest-output.txt
[CTEST][GET-PARAM] getScheduler
[CTEST][GET-PARAM] getEnabled
[CTEST][GET-PARAM] getThreads
[CTEST][GET-PARAM] getType
==================================================================================
mvn surefire:test -Dtest=org.apache.shenyu.common.config.ShenyuConfigTest#testExcludePath
time elapsed: 3.7227964401245117
org.apache.shenyu.common.config.ShenyuConfigTest#testExcludePath success
org.apache.shenyu.common.config.ShenyuConfigTest-output.txt
[CTEST][GET-PARAM] getExclude
[CTEST][GET-PARAM] getPaths
[CTEST][GET-PARAM] getEnabled
==================================================================================
mvn surefire:test -Dtest=org.apache.shenyu.common.config.ShenyuConfigTest#testExcludePath
time elapsed: 3.719911575317383
org.apache.shenyu.common.config.ShenyuConfigTest#testExcludePath success
org.apache.shenyu.common.config.ShenyuConfigTest-output.txt
[CTEST][GET-PARAM] getExclude
[CTEST][GET-PARAM] getPaths
[CTEST][GET-PARAM] getEnabled
==================================================================================
mvn surefire:test -Dtest=org.apache.shenyu.common.config.ShenyuConfigTest#testExcludePath
time elapsed: 3.623485565185547
org.apache.shenyu.common.config.ShenyuConfigTest#testExcludePath success
org.apache.shenyu.common.config.ShenyuConfigTest-output.txt
[CTEST][GET-PARAM] getExclude
[CTEST][GET-PARAM] getPaths
[CTEST][GET-PARAM] getEnabled
==================================================================================
mvn surefire:test -Dtest=org.apache.shenyu.common.config.ShenyuConfigTest#testExcludePath
time elapsed: 3.693033218383789
org.apache.shenyu.common.config.ShenyuConfigTest#testExcludePath success
org.apache.shenyu.common.config.ShenyuConfigTest-output.txt
[CTEST][GET-PARAM] getExclude
[CTEST][GET-PARAM] getPaths
[CTEST][GET-PARAM] getEnabled
==================================================================================
mvn surefire:test -Dtest=org.apache.shenyu.common.config.ShenyuConfigTest#testExcludePath
time elapsed: 3.8516273498535156
org.apache.shenyu.common.config.ShenyuConfigTest#testExcludePath success
org.apache.shenyu.common.config.ShenyuConfigTest-output.txt
[CTEST][GET-PARAM] getExclude
[CTEST][GET-PARAM] getPaths
[CTEST][GET-PARAM] getEnabled
==================================================================================
mvn surefire:test -Dtest=org.apache.shenyu.common.config.ShenyuConfigTest#testFileConfig
time elapsed: 3.7227537631988525
org.apache.shenyu.common.config.ShenyuConfigTest#testFileConfig success
org.apache.shenyu.common.config.ShenyuConfigTest-output.txt
[CTEST][GET-PARAM] getFile
[CTEST][GET-PARAM] getEnabled
[CTEST][GET-PARAM] getMaxSize
==================================================================================
mvn surefire:test -Dtest=org.apache.shenyu.common.config.ShenyuConfigTest#testFileConfig
time elapsed: 3.6489338874816895
org.apache.shenyu.common.config.ShenyuConfigTest#testFileConfig success
org.apache.shenyu.common.config.ShenyuConfigTest-output.txt
[CTEST][GET-PARAM] getFile
[CTEST][GET-PARAM] getEnabled
[CTEST][GET-PARAM] getMaxSize
==================================================================================
mvn surefire:test -Dtest=org.apache.shenyu.common.config.ShenyuConfigTest#testFileConfig
time elapsed: 3.63864803314209
org.apache.shenyu.common.config.ShenyuConfigTest#testFileConfig success
org.apache.shenyu.common.config.ShenyuConfigTest-output.txt
[CTEST][GET-PARAM] getFile
[CTEST][GET-PARAM] getEnabled
[CTEST][GET-PARAM] getMaxSize
==================================================================================
mvn surefire:test -Dtest=org.apache.shenyu.common.config.ShenyuConfigTest#testFileConfig
time elapsed: 3.677729845046997
org.apache.shenyu.common.config.ShenyuConfigTest#testFileConfig success
org.apache.shenyu.common.config.ShenyuConfigTest-output.txt
[CTEST][GET-PARAM] getFile
[CTEST][GET-PARAM] getEnabled
[CTEST][GET-PARAM] getMaxSize
==================================================================================
mvn surefire:test -Dtest=org.apache.shenyu.common.config.ShenyuConfigTest#testFileConfig
time elapsed: 3.6700990200042725
org.apache.shenyu.common.config.ShenyuConfigTest#testFileConfig success
org.apache.shenyu.common.config.ShenyuConfigTest-output.txt
[CTEST][GET-PARAM] getFile
[CTEST][GET-PARAM] getEnabled
[CTEST][GET-PARAM] getMaxSize
==================================================================================
mvn surefire:test -Dtest=org.apache.shenyu.common.config.ShenyuConfigTest#testUpstreamCheck
time elapsed: 3.632603645324707
org.apache.shenyu.common.config.ShenyuConfigTest#testUpstreamCheck success
org.apache.shenyu.common.config.ShenyuConfigTest-output.txt
[CTEST][GET-PARAM] getUpstreamCheck
[CTEST][GET-PARAM] getEnabled
[CTEST][GET-PARAM] getHealthyThreshold
[CTEST][GET-PARAM] getTimeout
[CTEST][GET-PARAM] getInterval
[CTEST][GET-PARAM] getUnhealthyThreshold
[CTEST][GET-PARAM] getPrintInterval
[CTEST][GET-PARAM] getPrintEnabled
==================================================================================
mvn surefire:test -Dtest=org.apache.shenyu.common.config.ShenyuConfigTest#testUpstreamCheck
time elapsed: 3.684539794921875
org.apache.shenyu.common.config.ShenyuConfigTest#testUpstreamCheck success
org.apache.shenyu.common.config.ShenyuConfigTest-output.txt
[CTEST][GET-PARAM] getUpstreamCheck
[CTEST][GET-PARAM] getEnabled
[CTEST][GET-PARAM] getHealthyThreshold
[CTEST][GET-PARAM] getTimeout
[CTEST][GET-PARAM] getInterval
[CTEST][GET-PARAM] getUnhealthyThreshold
[CTEST][GET-PARAM] getPrintInterval
[CTEST][GET-PARAM] getPrintEnabled
==================================================================================
mvn surefire:test -Dtest=org.apache.shenyu.common.config.ShenyuConfigTest#testUpstreamCheck
time elapsed: 3.606358289718628
org.apache.shenyu.common.config.ShenyuConfigTest#testUpstreamCheck success
org.apache.shenyu.common.config.ShenyuConfigTest-output.txt
[CTEST][GET-PARAM] getUpstreamCheck
[CTEST][GET-PARAM] getEnabled
[CTEST][GET-PARAM] getHealthyThreshold
[CTEST][GET-PARAM] getTimeout
[CTEST][GET-PARAM] getInterval
[CTEST][GET-PARAM] getUnhealthyThreshold
[CTEST][GET-PARAM] getPrintInterval
[CTEST][GET-PARAM] getPrintEnabled
==================================================================================
mvn surefire:test -Dtest=org.apache.shenyu.common.config.ShenyuConfigTest#testUpstreamCheck
time elapsed: 3.511639356613159
org.apache.shenyu.common.config.ShenyuConfigTest#testUpstreamCheck success
org.apache.shenyu.common.config.ShenyuConfigTest-output.txt
[CTEST][GET-PARAM] getUpstreamCheck
[CTEST][GET-PARAM] getEnabled
[CTEST][GET-PARAM] getHealthyThreshold
[CTEST][GET-PARAM] getTimeout
[CTEST][GET-PARAM] getInterval
[CTEST][GET-PARAM] getUnhealthyThreshold
[CTEST][GET-PARAM] getPrintInterval
[CTEST][GET-PARAM] getPrintEnabled
==================================================================================
mvn surefire:test -Dtest=org.apache.shenyu.common.config.ShenyuConfigTest#testUpstreamCheck
time elapsed: 3.5661566257476807
org.apache.shenyu.common.config.ShenyuConfigTest#testUpstreamCheck success
org.apache.shenyu.common.config.ShenyuConfigTest-output.txt
[CTEST][GET-PARAM] getUpstreamCheck
[CTEST][GET-PARAM] getEnabled
[CTEST][GET-PARAM] getHealthyThreshold
[CTEST][GET-PARAM] getTimeout
[CTEST][GET-PARAM] getInterval
[CTEST][GET-PARAM] getUnhealthyThreshold
[CTEST][GET-PARAM] getPrintInterval
[CTEST][GET-PARAM] getPrintEnabled
==================================================================================
mvn surefire:test -Dtest=org.apache.shenyu.common.config.ShenyuConfigTest#testUpstreamCheck
time elapsed: 3.5027129650115967
org.apache.shenyu.common.config.ShenyuConfigTest#testUpstreamCheck success
org.apache.shenyu.common.config.ShenyuConfigTest-output.txt
[CTEST][GET-PARAM] getUpstreamCheck
[CTEST][GET-PARAM] getEnabled
[CTEST][GET-PARAM] getHealthyThreshold
[CTEST][GET-PARAM] getTimeout
[CTEST][GET-PARAM] getInterval
[CTEST][GET-PARAM] getUnhealthyThreshold
[CTEST][GET-PARAM] getPrintInterval
[CTEST][GET-PARAM] getPrintEnabled
==================================================================================
mvn surefire:test -Dtest=org.apache.shenyu.common.config.ShenyuConfigTest#testUpstreamCheck
time elapsed: 3.512582778930664
org.apache.shenyu.common.config.ShenyuConfigTest#testUpstreamCheck success
org.apache.shenyu.common.config.ShenyuConfigTest-output.txt
[CTEST][GET-PARAM] getUpstreamCheck
[CTEST][GET-PARAM] getEnabled
[CTEST][GET-PARAM] getHealthyThreshold
[CTEST][GET-PARAM] getTimeout
[CTEST][GET-PARAM] getInterval
[CTEST][GET-PARAM] getUnhealthyThreshold
[CTEST][GET-PARAM] getPrintInterval
[CTEST][GET-PARAM] getPrintEnabled
==================================================================================
mvn surefire:test -Dtest=org.apache.shenyu.common.config.ShenyuConfigTest#testUpstreamCheck
time elapsed: 3.6012823581695557
org.apache.shenyu.common.config.ShenyuConfigTest#testUpstreamCheck success
org.apache.shenyu.common.config.ShenyuConfigTest-output.txt
[CTEST][GET-PARAM] getUpstreamCheck
[CTEST][GET-PARAM] getEnabled
[CTEST][GET-PARAM] getHealthyThreshold
[CTEST][GET-PARAM] getTimeout
[CTEST][GET-PARAM] getInterval
[CTEST][GET-PARAM] getUnhealthyThreshold
[CTEST][GET-PARAM] getPrintInterval
[CTEST][GET-PARAM] getPrintEnabled
==================================================================================
mvn surefire:test -Dtest=org.apache.shenyu.common.config.ShenyuConfigTest#testUpstreamCheck
time elapsed: 3.6799302101135254
org.apache.shenyu.common.config.ShenyuConfigTest#testUpstreamCheck success
org.apache.shenyu.common.config.ShenyuConfigTest-output.txt
[CTEST][GET-PARAM] getUpstreamCheck
[CTEST][GET-PARAM] getEnabled
[CTEST][GET-PARAM] getHealthyThreshold
[CTEST][GET-PARAM] getTimeout
[CTEST][GET-PARAM] getInterval
[CTEST][GET-PARAM] getUnhealthyThreshold
[CTEST][GET-PARAM] getPrintInterval
[CTEST][GET-PARAM] getPrintEnabled
==================================================================================
mvn surefire:test -Dtest=org.apache.shenyu.common.config.ShenyuConfigTest#testUpstreamCheck
time elapsed: 3.6289963722229004
org.apache.shenyu.common.config.ShenyuConfigTest#testUpstreamCheck success
org.apache.shenyu.common.config.ShenyuConfigTest-output.txt
[CTEST][GET-PARAM] getUpstreamCheck
[CTEST][GET-PARAM] getEnabled
[CTEST][GET-PARAM] getHealthyThreshold
[CTEST][GET-PARAM] getTimeout
[CTEST][GET-PARAM] getInterval
[CTEST][GET-PARAM] getUnhealthyThreshold
[CTEST][GET-PARAM] getPrintInterval
[CTEST][GET-PARAM] getPrintEnabled
==================================================================================
mvn surefire:test -Dtest=org.apache.shenyu.common.config.ShenyuConfigTest#testUpstreamCheck
time elapsed: 3.4949698448181152
org.apache.shenyu.common.config.ShenyuConfigTest#testUpstreamCheck success
org.apache.shenyu.common.config.ShenyuConfigTest-output.txt
[CTEST][GET-PARAM] getUpstreamCheck
[CTEST][GET-PARAM] getEnabled
[CTEST][GET-PARAM] getHealthyThreshold
[CTEST][GET-PARAM] getTimeout
[CTEST][GET-PARAM] getInterval
[CTEST][GET-PARAM] getUnhealthyThreshold
[CTEST][GET-PARAM] getPrintInterval
[CTEST][GET-PARAM] getPrintEnabled
==================================================================================
mvn surefire:test -Dtest=org.apache.shenyu.common.config.ShenyuConfigTest#testUpstreamCheck
time elapsed: 3.577777624130249
org.apache.shenyu.common.config.ShenyuConfigTest#testUpstreamCheck success
org.apache.shenyu.common.config.ShenyuConfigTest-output.txt
[CTEST][GET-PARAM] getUpstreamCheck
[CTEST][GET-PARAM] getEnabled
[CTEST][GET-PARAM] getHealthyThreshold
[CTEST][GET-PARAM] getTimeout
[CTEST][GET-PARAM] getInterval
[CTEST][GET-PARAM] getUnhealthyThreshold
[CTEST][GET-PARAM] getPrintInterval
[CTEST][GET-PARAM] getPrintEnabled
==================================================================================
mvn surefire:test -Dtest=org.apache.shenyu.common.config.ShenyuConfigTest#testUpstreamCheck
time elapsed: 3.4998278617858887
org.apache.shenyu.common.config.ShenyuConfigTest#testUpstreamCheck success
org.apache.shenyu.common.config.ShenyuConfigTest-output.txt
[CTEST][GET-PARAM] getUpstreamCheck
[CTEST][GET-PARAM] getEnabled
[CTEST][GET-PARAM] getHealthyThreshold
[CTEST][GET-PARAM] getTimeout
[CTEST][GET-PARAM] getInterval
[CTEST][GET-PARAM] getUnhealthyThreshold
[CTEST][GET-PARAM] getPrintInterval
[CTEST][GET-PARAM] getPrintEnabled
==================================================================================
mvn surefire:test -Dtest=org.apache.shenyu.common.config.ShenyuConfigTest#testUpstreamCheck
time elapsed: 3.5529441833496094
org.apache.shenyu.common.config.ShenyuConfigTest#testUpstreamCheck success
org.apache.shenyu.common.config.ShenyuConfigTest-output.txt
[CTEST][GET-PARAM] getUpstreamCheck
[CTEST][GET-PARAM] getEnabled
[CTEST][GET-PARAM] getHealthyThreshold
[CTEST][GET-PARAM] getTimeout
[CTEST][GET-PARAM] getInterval
[CTEST][GET-PARAM] getUnhealthyThreshold
[CTEST][GET-PARAM] getPrintInterval
[CTEST][GET-PARAM] getPrintEnabled
==================================================================================
mvn surefire:test -Dtest=org.apache.shenyu.common.config.ShenyuConfigTest#testUpstreamCheck
time elapsed: 3.735358715057373
org.apache.shenyu.common.config.ShenyuConfigTest#testUpstreamCheck success
org.apache.shenyu.common.config.ShenyuConfigTest-output.txt
[CTEST][GET-PARAM] getUpstreamCheck
[CTEST][GET-PARAM] getEnabled
[CTEST][GET-PARAM] getHealthyThreshold
[CTEST][GET-PARAM] getTimeout
[CTEST][GET-PARAM] getInterval
[CTEST][GET-PARAM] getUnhealthyThreshold
[CTEST][GET-PARAM] getPrintInterval
[CTEST][GET-PARAM] getPrintEnabled
==================================================================================
mvn surefire:test -Dtest=org.apache.shenyu.common.config.ShenyuConfigTest#testRibbonConfig
time elapsed: 3.7298367023468018
org.apache.shenyu.common.config.ShenyuConfigTest#testRibbonConfig success
org.apache.shenyu.common.config.ShenyuConfigTest-output.txt
[CTEST][GET-PARAM] getLocal
[CTEST][GET-PARAM] getEnabled
[CTEST][GET-PARAM] getSha512Key
==================================================================================
mvn surefire:test -Dtest=org.apache.shenyu.common.config.ShenyuConfigTest#testRibbonConfig
time elapsed: 3.529409646987915
org.apache.shenyu.common.config.ShenyuConfigTest#testRibbonConfig success
org.apache.shenyu.common.config.ShenyuConfigTest-output.txt
[CTEST][GET-PARAM] getLocal
[CTEST][GET-PARAM] getEnabled
[CTEST][GET-PARAM] getSha512Key
==================================================================================
mvn surefire:test -Dtest=org.apache.shenyu.common.config.ShenyuConfigTest#testRibbonConfig
time elapsed: 3.609313726425171
org.apache.shenyu.common.config.ShenyuConfigTest#testRibbonConfig success
org.apache.shenyu.common.config.ShenyuConfigTest-output.txt
[CTEST][GET-PARAM] getLocal
[CTEST][GET-PARAM] getEnabled
[CTEST][GET-PARAM] getSha512Key
==================================================================================
mvn surefire:test -Dtest=org.apache.shenyu.common.config.ShenyuConfigTest#testRibbonConfig
time elapsed: 3.486118793487549
org.apache.shenyu.common.config.ShenyuConfigTest#testRibbonConfig success
org.apache.shenyu.common.config.ShenyuConfigTest-output.txt
[CTEST][GET-PARAM] getLocal
[CTEST][GET-PARAM] getEnabled
[CTEST][GET-PARAM] getSha512Key
==================================================================================
mvn surefire:test -Dtest=org.apache.shenyu.common.config.ShenyuConfigTest#testRibbonConfig
time elapsed: 3.5216751098632812
org.apache.shenyu.common.config.ShenyuConfigTest#testRibbonConfig success
org.apache.shenyu.common.config.ShenyuConfigTest-output.txt
[CTEST][GET-PARAM] getLocal
[CTEST][GET-PARAM] getEnabled
[CTEST][GET-PARAM] getSha512Key
==================================================================================
mvn surefire:test -Dtest=org.apache.shenyu.common.config.ShenyuConfigTest#testSharedPool
time elapsed: 3.5348284244537354
org.apache.shenyu.common.config.ShenyuConfigTest#testSharedPool success
org.apache.shenyu.common.config.ShenyuConfigTest-output.txt
[CTEST][GET-PARAM] getSharedPool
[CTEST][GET-PARAM] getMaximumPoolSize
[CTEST][GET-PARAM] getCorePoolSize
[CTEST][GET-PARAM] getEnable
[CTEST][GET-PARAM] getMaximumPoolSize
[CTEST][GET-PARAM] getPrefix
[CTEST][GET-PARAM] getKeepAliveTime
[CTEST][GET-PARAM] getMaxWorkQueueMemory
==================================================================================
mvn surefire:test -Dtest=org.apache.shenyu.common.config.ShenyuConfigTest#testSharedPool
time elapsed: 3.7540345191955566
org.apache.shenyu.common.config.ShenyuConfigTest#testSharedPool success
org.apache.shenyu.common.config.ShenyuConfigTest-output.txt
[CTEST][GET-PARAM] getSharedPool
[CTEST][GET-PARAM] getMaximumPoolSize
[CTEST][GET-PARAM] getCorePoolSize
[CTEST][GET-PARAM] getEnable
[CTEST][GET-PARAM] getMaximumPoolSize
[CTEST][GET-PARAM] getPrefix
[CTEST][GET-PARAM] getKeepAliveTime
[CTEST][GET-PARAM] getMaxWorkQueueMemory
==================================================================================
mvn surefire:test -Dtest=org.apache.shenyu.common.config.ShenyuConfigTest#testSharedPool
time elapsed: 3.535674571990967
org.apache.shenyu.common.config.ShenyuConfigTest#testSharedPool success
org.apache.shenyu.common.config.ShenyuConfigTest-output.txt
[CTEST][GET-PARAM] getSharedPool
[CTEST][GET-PARAM] getMaximumPoolSize
[CTEST][GET-PARAM] getCorePoolSize
[CTEST][GET-PARAM] getEnable
[CTEST][GET-PARAM] getMaximumPoolSize
[CTEST][GET-PARAM] getPrefix
[CTEST][GET-PARAM] getKeepAliveTime
[CTEST][GET-PARAM] getMaxWorkQueueMemory
==================================================================================
mvn surefire:test -Dtest=org.apache.shenyu.common.config.ShenyuConfigTest#testSharedPool
time elapsed: 3.6503286361694336
org.apache.shenyu.common.config.ShenyuConfigTest#testSharedPool success
org.apache.shenyu.common.config.ShenyuConfigTest-output.txt
[CTEST][GET-PARAM] getSharedPool
[CTEST][GET-PARAM] getMaximumPoolSize
[CTEST][GET-PARAM] getCorePoolSize
[CTEST][GET-PARAM] getEnable
[CTEST][GET-PARAM] getMaximumPoolSize
[CTEST][GET-PARAM] getPrefix
[CTEST][GET-PARAM] getKeepAliveTime
[CTEST][GET-PARAM] getMaxWorkQueueMemory
==================================================================================
mvn surefire:test -Dtest=org.apache.shenyu.common.config.ShenyuConfigTest#testSharedPool
time elapsed: 3.5390737056732178
org.apache.shenyu.common.config.ShenyuConfigTest#testSharedPool success
org.apache.shenyu.common.config.ShenyuConfigTest-output.txt
[CTEST][GET-PARAM] getSharedPool
[CTEST][GET-PARAM] getMaximumPoolSize
[CTEST][GET-PARAM] getCorePoolSize
[CTEST][GET-PARAM] getEnable
[CTEST][GET-PARAM] getMaximumPoolSize
[CTEST][GET-PARAM] getPrefix
[CTEST][GET-PARAM] getKeepAliveTime
[CTEST][GET-PARAM] getMaxWorkQueueMemory
==================================================================================
mvn surefire:test -Dtest=org.apache.shenyu.common.config.ShenyuConfigTest#testSharedPool
time elapsed: 3.5372931957244873
org.apache.shenyu.common.config.ShenyuConfigTest#testSharedPool success
org.apache.shenyu.common.config.ShenyuConfigTest-output.txt
[CTEST][GET-PARAM] getSharedPool
[CTEST][GET-PARAM] getMaximumPoolSize
[CTEST][GET-PARAM] getCorePoolSize
[CTEST][GET-PARAM] getEnable
[CTEST][GET-PARAM] getMaximumPoolSize
[CTEST][GET-PARAM] getPrefix
[CTEST][GET-PARAM] getKeepAliveTime
[CTEST][GET-PARAM] getMaxWorkQueueMemory
==================================================================================
mvn surefire:test -Dtest=org.apache.shenyu.common.config.ShenyuConfigTest#testSharedPool
time elapsed: 3.6912267208099365
org.apache.shenyu.common.config.ShenyuConfigTest#testSharedPool success
org.apache.shenyu.common.config.ShenyuConfigTest-output.txt
[CTEST][GET-PARAM] getSharedPool
[CTEST][GET-PARAM] getMaximumPoolSize
[CTEST][GET-PARAM] getCorePoolSize
[CTEST][GET-PARAM] getEnable
[CTEST][GET-PARAM] getMaximumPoolSize
[CTEST][GET-PARAM] getPrefix
[CTEST][GET-PARAM] getKeepAliveTime
[CTEST][GET-PARAM] getMaxWorkQueueMemory
==================================================================================
mvn surefire:test -Dtest=org.apache.shenyu.common.config.ShenyuConfigTest#testSharedPool
time elapsed: 3.6643922328948975
org.apache.shenyu.common.config.ShenyuConfigTest#testSharedPool success
org.apache.shenyu.common.config.ShenyuConfigTest-output.txt
[CTEST][GET-PARAM] getSharedPool
[CTEST][GET-PARAM] getMaximumPoolSize
[CTEST][GET-PARAM] getCorePoolSize
[CTEST][GET-PARAM] getEnable
[CTEST][GET-PARAM] getMaximumPoolSize
[CTEST][GET-PARAM] getPrefix
[CTEST][GET-PARAM] getKeepAliveTime
[CTEST][GET-PARAM] getMaxWorkQueueMemory
==================================================================================
mvn surefire:test -Dtest=org.apache.shenyu.common.config.ShenyuConfigTest#testSharedPool
time elapsed: 3.2630066871643066
org.apache.shenyu.common.config.ShenyuConfigTest#testSharedPool success
org.apache.shenyu.common.config.ShenyuConfigTest-output.txt
[CTEST][GET-PARAM] getSharedPool
[CTEST][GET-PARAM] getMaximumPoolSize
[CTEST][GET-PARAM] getCorePoolSize
[CTEST][GET-PARAM] getEnable
[CTEST][GET-PARAM] getMaximumPoolSize
[CTEST][GET-PARAM] getPrefix
[CTEST][GET-PARAM] getKeepAliveTime
[CTEST][GET-PARAM] getMaxWorkQueueMemory
==================================================================================
mvn surefire:test -Dtest=org.apache.shenyu.common.config.ShenyuConfigTest#testSharedPool
time elapsed: 3.434295177459717
org.apache.shenyu.common.config.ShenyuConfigTest#testSharedPool success
org.apache.shenyu.common.config.ShenyuConfigTest-output.txt
[CTEST][GET-PARAM] getSharedPool
[CTEST][GET-PARAM] getMaximumPoolSize
[CTEST][GET-PARAM] getCorePoolSize
[CTEST][GET-PARAM] getEnable
[CTEST][GET-PARAM] getMaximumPoolSize
[CTEST][GET-PARAM] getPrefix
[CTEST][GET-PARAM] getKeepAliveTime
[CTEST][GET-PARAM] getMaxWorkQueueMemory
==================================================================================
mvn surefire:test -Dtest=org.apache.shenyu.common.config.ShenyuConfigTest#testSharedPool
time elapsed: 3.5364177227020264
org.apache.shenyu.common.config.ShenyuConfigTest#testSharedPool success
org.apache.shenyu.common.config.ShenyuConfigTest-output.txt
[CTEST][GET-PARAM] getSharedPool
[CTEST][GET-PARAM] getMaximumPoolSize
[CTEST][GET-PARAM] getCorePoolSize
[CTEST][GET-PARAM] getEnable
[CTEST][GET-PARAM] getMaximumPoolSize
[CTEST][GET-PARAM] getPrefix
[CTEST][GET-PARAM] getKeepAliveTime
[CTEST][GET-PARAM] getMaxWorkQueueMemory
==================================================================================
mvn surefire:test -Dtest=org.apache.shenyu.common.config.ShenyuConfigTest#testSharedPool
time elapsed: 3.5944526195526123
org.apache.shenyu.common.config.ShenyuConfigTest#testSharedPool success
org.apache.shenyu.common.config.ShenyuConfigTest-output.txt
[CTEST][GET-PARAM] getSharedPool
[CTEST][GET-PARAM] getMaximumPoolSize
[CTEST][GET-PARAM] getCorePoolSize
[CTEST][GET-PARAM] getEnable
[CTEST][GET-PARAM] getMaximumPoolSize
[CTEST][GET-PARAM] getPrefix
[CTEST][GET-PARAM] getKeepAliveTime
[CTEST][GET-PARAM] getMaxWorkQueueMemory
==================================================================================
mvn surefire:test -Dtest=org.apache.shenyu.common.config.ShenyuConfigTest#testSharedPool
time elapsed: 3.7276885509490967
org.apache.shenyu.common.config.ShenyuConfigTest#testSharedPool success
org.apache.shenyu.common.config.ShenyuConfigTest-output.txt
[CTEST][GET-PARAM] getSharedPool
[CTEST][GET-PARAM] getMaximumPoolSize
[CTEST][GET-PARAM] getCorePoolSize
[CTEST][GET-PARAM] getEnable
[CTEST][GET-PARAM] getMaximumPoolSize
[CTEST][GET-PARAM] getPrefix
[CTEST][GET-PARAM] getKeepAliveTime
[CTEST][GET-PARAM] getMaxWorkQueueMemory
==================================================================================
mvn surefire:test -Dtest=org.apache.shenyu.common.config.ShenyuConfigTest#testSwitchConfig
time elapsed: 3.56320858001709
org.apache.shenyu.common.config.ShenyuConfigTest#testSwitchConfig success
org.apache.shenyu.common.config.ShenyuConfigTest-output.txt
[CTEST][GET-PARAM] getSwitchConfig
[CTEST][GET-PARAM] getLocal
==================================================================================
mvn surefire:test -Dtest=org.apache.shenyu.common.config.ShenyuConfigTest#testSwitchConfig
time elapsed: 3.377798318862915
org.apache.shenyu.common.config.ShenyuConfigTest#testSwitchConfig success
org.apache.shenyu.common.config.ShenyuConfigTest-output.txt
[CTEST][GET-PARAM] getSwitchConfig
[CTEST][GET-PARAM] getLocal
==================================================================================
mvn surefire:test -Dtest=org.apache.shenyu.common.config.ShenyuConfigTest#testSwitchConfig
time elapsed: 3.7713143825531006
org.apache.shenyu.common.config.ShenyuConfigTest#testSwitchConfig success
org.apache.shenyu.common.config.ShenyuConfigTest-output.txt
[CTEST][GET-PARAM] getSwitchConfig
[CTEST][GET-PARAM] getLocal
total time: 7.569046604633331 mins
